# JRE version: Java(TM) SE Runtime Environment 18.9 (11.0.20+9) (build 11.0.20+9-LTS-256)
# Java VM: Java HotSpot(TM) 64-Bit Server VM 18.9 (11.0.20+9-LTS-256, mixed mode, tiered, compressed oops, g1 gc, windows-amd64)
Heap:
 garbage-first heap   total 260096K, used 36491K [0x0000000702a00000, 0x0000000800000000)
  region size 1024K, 13 young (13312K), 6 survivors (6144K)
 Metaspace       used 35050K, capacity 36307K, committed 36524K, reserved 1081344K
  class space    used 4625K, capacity 5169K, committed 5292K, reserved 1048576K
GC Heap History (6 events):
Event: 0.687 GC heap before
{Heap before GC invocations=0 (full 0):
 garbage-first heap   total 260096K, used 23552K [0x0000000702a00000, 0x0000000800000000)
  region size 1024K, 24 young (24576K), 0 survivors (0K)
 Metaspace       used 11479K, capacity 11814K, committed 12032K, reserved 1060864K
  class space    used 1266K, capacity 1432K, committed 1536K, reserved 1048576K
}
Event: 0.690 GC heap after
{Heap after GC invocations=1 (full 0):
 garbage-first heap   total 260096K, used 3204K [0x0000000702a00000, 0x0000000800000000)
  region size 1024K, 3 young (3072K), 3 survivors (3072K)
 Metaspace       used 11479K, capacity 11814K, committed 12032K, reserved 1060864K
  class space    used 1266K, capacity 1432K, committed 1536K, reserved 1048576K
}
Event: 1.507 GC heap before
{Heap before GC invocations=1 (full 0):
 garbage-first heap   total 260096K, used 53380K [0x0000000702a00000, 0x0000000800000000)
  region size 1024K, 33 young (33792K), 3 survivors (3072K)
 Metaspace       used 20545K, capacity 21176K, committed 21248K, reserved 1067008K
  class space    used 2527K, capacity 2809K, committed 2816K, reserved 1048576K
}
Event: 1.515 GC heap after
{Heap after GC invocations=2 (full 0):
 garbage-first heap   total 260096K, used 22329K [0x0000000702a00000, 0x0000000800000000)
  region size 1024K, 7 young (7168K), 7 survivors (7168K)
 Metaspace       used 20545K, capacity 21176K, committed 21248K, reserved 1067008K
  class space    used 2527K, capacity 2809K, committed 2816K, reserved 1048576K
}
Event: 6.866 GC heap before
{Heap before GC invocations=3 (full 0):
 garbage-first heap   total 260096K, used 63289K [0x0000000702a00000, 0x0000000800000000)
  region size 1024K, 47 young (48128K), 7 survivors (7168K)
 Metaspace       used 34372K, capacity 35587K, committed 35628K, reserved 1079296K
  class space    used 4572K, capacity 5123K, committed 5164K, reserved 1048576K
}
Event: 6.877 GC heap after
{Heap after GC invocations=4 (full 0):
 garbage-first heap   total 260096K, used 30347K [0x0000000702a00000, 0x0000000800000000)
  region size 1024K, 6 young (6144K), 6 survivors (6144K)
 Metaspace       used 34372K, capacity 35587K, committed 35628K, reserved 1079296K
  class space    used 4572K, capacity 5123K, committed 5164K, reserved 1048576K
}

